# JRE version: Java(TM) SE Runtime Environment (8.0_121-b13) (build 1.8.0_121-b13)
# Java VM: Java HotSpot(TM) 64-Bit Server VM (25.121-b13 mixed mode windows-amd64 compressed oops)
Heap:
 PSYoungGen      total 128000K, used 111492K [0x00000000d5580000, 0x00000000e3780000, 0x0000000100000000)
  eden space 115712K, 96% used [0x00000000d5580000,0x00000000dc2612e0,0x00000000dc680000)
  from space 12288K, 0% used [0x00000000dc680000,0x00000000dc680000,0x00000000dd280000)
  to   space 17408K, 0% used [0x00000000e2680000,0x00000000e2680000,0x00000000e3780000)
 ParOldGen       total 50688K, used 24071K [0x0000000080000000, 0x0000000083180000, 0x00000000d5580000)
  object space 50688K, 47% used [0x0000000080000000,0x0000000081781e00,0x0000000083180000)
 Metaspace       used 38377K, capacity 40642K, committed 40920K, reserved 1085440K
  class space    used 5363K, capacity 5779K, committed 5888K, reserved 1048576K
GC Heap History (10 events):
Event: 2.035 GC heap before
{Heap before GC invocations=5 (full 1):
 PSYoungGen      total 71680K, used 5104K [0x00000000d5580000, 0x00000000da080000, 0x0000000100000000)
  eden space 66560K, 0% used [0x00000000d5580000,0x00000000d5580000,0x00000000d9680000)
  from space 5120K, 99% used [0x00000000d9b80000,0x00000000da07c030,0x00000000da080000)
  to   space 5120K, 0% used [0x00000000d9680000,0x00000000d9680000,0x00000000d9b80000)
 ParOldGen       total 87552K, used 6327K [0x0000000080000000, 0x0000000085580000, 0x00000000d5580000)
  object space 87552K, 7% used [0x0000000080000000,0x000000008062de20,0x0000000085580000)
 Metaspace       used 20498K, capacity 21110K, committed 21248K, reserved 1067008K
  class space    used 2773K, capacity 2984K, committed 3072K, reserved 1048576K
Event: 2.072 GC heap after
Heap after GC invocations=5 (full 1):
 PSYoungGen      total 71680K, used 0K [0x00000000d5580000, 0x00000000da080000, 0x0000000100000000)
  eden space 66560K, 0% used [0x00000000d5580000,0x00000000d5580000,0x00000000d9680000)
  from space 5120K, 0% used [0x00000000d9b80000,0x00000000d9b80000,0x00000000da080000)
  to   space 5120K, 0% used [0x00000000d9680000,0x00000000d9680000,0x00000000d9b80000)
 ParOldGen       total 50688K, used 5911K [0x0000000080000000, 0x0000000083180000, 0x00000000d5580000)
  object space 50688K, 11% used [0x0000000080000000,0x00000000805c5d70,0x0000000083180000)
 Metaspace       used 20497K, capacity 21104K, committed 21248K, reserved 1067008K
  class space    used 2773K, capacity 2983K, committed 3072K, reserved 1048576K
}
Event: 2.771 GC heap before
{Heap before GC invocations=6 (full 1):
 PSYoungGen      total 71680K, used 66560K [0x00000000d5580000, 0x00000000da080000, 0x0000000100000000)
  eden space 66560K, 100% used [0x00000000d5580000,0x00000000d9680000,0x00000000d9680000)
  from space 5120K, 0% used [0x00000000d9b80000,0x00000000d9b80000,0x00000000da080000)
  to   space 5120K, 0% used [0x00000000d9680000,0x00000000d9680000,0x00000000d9b80000)
 ParOldGen       total 50688K, used 5911K [0x0000000080000000, 0x0000000083180000, 0x00000000d5580000)
  object space 50688K, 11% used [0x0000000080000000,0x00000000805c5d70,0x0000000083180000)
 Metaspace       used 22907K, capacity 23686K, committed 23808K, reserved 1069056K
  class space    used 3120K, capacity 3324K, committed 3328K, reserved 1048576K
Event: 2.786 GC heap after
Heap after GC invocations=6 (full 1):
 PSYoungGen      total 71680K, used 5111K [0x00000000d5580000, 0x00000000ddc80000, 0x0000000100000000)
  eden space 66560K, 0% used [0x00000000d5580000,0x00000000d5580000,0x00000000d9680000)
  from space 5120K, 99% used [0x00000000d9680000,0x00000000d9b7dee8,0x00000000d9b80000)
  to   space 10240K, 0% used [0x00000000dd280000,0x00000000dd280000,0x00000000ddc80000)
 ParOldGen       total 50688K, used 9137K [0x0000000080000000, 0x0000000083180000, 0x00000000d5580000)
  object space 50688K, 18% used [0x0000000080000000,0x00000000808ec7c0,0x0000000083180000)
 Metaspace       used 22907K, capacity 23686K, committed 23808K, reserved 1069056K
  class space    used 3120K, capacity 3324K, committed 3328K, reserved 1048576K
}
Event: 3.666 GC heap before
{Heap before GC invocations=7 (full 1):
 PSYoungGen      total 71680K, used 71671K [0x00000000d5580000, 0x00000000ddc80000, 0x0000000100000000)
  eden space 66560K, 100% used [0x00000000d5580000,0x00000000d9680000,0x00000000d9680000)
  from space 5120K, 99% used [0x00000000d9680000,0x00000000d9b7dee8,0x00000000d9b80000)
  to   space 10240K, 0% used [0x00000000dd280000,0x00000000dd280000,0x00000000ddc80000)
 ParOldGen       total 50688K, used 9137K [0x0000000080000000, 0x0000000083180000, 0x00000000d5580000)
  object space 50688K, 18% used [0x0000000080000000,0x00000000808ec7c0,0x0000000083180000)
 Metaspace       used 27362K, capacity 28430K, committed 28672K, reserved 1073152K
  class space    used 3750K, capacity 3988K, committed 4096K, reserved 1048576K
Event: 3.686 GC heap after
Heap after GC invocations=7 (full 1):
 PSYoungGen      total 125952K, used 10230K [0x00000000d5580000, 0x00000000dde80000, 0x0000000100000000)
  eden space 115712K, 0% used [0x00000000d5580000,0x00000000d5580000,0x00000000dc680000)
  from space 10240K, 99% used [0x00000000dd280000,0x00000000ddc7da00,0x00000000ddc80000)
  to   space 12288K, 0% used [0x00000000dc680000,0x00000000dc680000,0x00000000dd280000)
 ParOldGen       total 50688K, used 10324K [0x0000000080000000, 0x0000000083180000, 0x00000000d5580000)
  object space 50688K, 20% used [0x0000000080000000,0x0000000080a152f8,0x0000000083180000)
 Metaspace       used 27362K, capacity 28430K, committed 28672K, reserved 1073152K
  class space    used 3750K, capacity 3988K, committed 4096K, reserved 1048576K
}
Event: 5.264 GC heap before
{Heap before GC invocations=8 (full 1):
 PSYoungGen      total 125952K, used 106073K [0x00000000d5580000, 0x00000000dde80000, 0x0000000100000000)
  eden space 115712K, 82% used [0x00000000d5580000,0x00000000db318ae0,0x00000000dc680000)
  from space 10240K, 99% used [0x00000000dd280000,0x00000000ddc7da00,0x00000000ddc80000)
  to   space 12288K, 0% used [0x00000000dc680000,0x00000000dc680000,0x00000000dd280000)
 ParOldGen       total 50688K, used 10324K [0x0000000080000000, 0x0000000083180000, 0x00000000d5580000)
  object space 50688K, 20% used [0x0000000080000000,0x0000000080a152f8,0x0000000083180000)
 Metaspace       used 33713K, capacity 35344K, committed 35416K, reserved 1079296K
  class space    used 4621K, capacity 4929K, committed 4992K, reserved 1048576K
Event: 5.295 GC heap after
Heap after GC invocations=8 (full 1):
 PSYoungGen      total 128000K, used 12260K [0x00000000d5580000, 0x00000000e3780000, 0x0000000100000000)
  eden space 115712K, 0% used [0x00000000d5580000,0x00000000d5580000,0x00000000dc680000)
  from space 12288K, 99% used [0x00000000dc680000,0x00000000dd279050,0x00000000dd280000)
  to   space 17408K, 0% used [0x00000000e2680000,0x00000000e2680000,0x00000000e3780000)
 ParOldGen       total 50688K, used 17884K [0x0000000080000000, 0x0000000083180000, 0x00000000d5580000)
  object space 50688K, 35% used [0x0000000080000000,0x0000000081177378,0x0000000083180000)
 Metaspace       used 33713K, capacity 35344K, committed 35416K, reserved 1079296K
  class space    used 4621K, capacity 4929K, committed 4992K, reserved 1048576K
}
Event: 5.295 GC heap before
{Heap before GC invocations=9 (full 2):
 PSYoungGen      total 128000K, used 12260K [0x00000000d5580000, 0x00000000e3780000, 0x0000000100000000)
  eden space 115712K, 0% used [0x00000000d5580000,0x00000000d5580000,0x00000000dc680000)
  from space 12288K, 99% used [0x00000000dc680000,0x00000000dd279050,0x00000000dd280000)
  to   space 17408K, 0% used [0x00000000e2680000,0x00000000e2680000,0x00000000e3780000)
 ParOldGen       total 50688K, used 17884K [0x0000000080000000, 0x0000000083180000, 0x00000000d5580000)
  object space 50688K, 35% used [0x0000000080000000,0x0000000081177378,0x0000000083180000)
 Metaspace       used 33713K, capacity 35344K, committed 35416K, reserved 1079296K
  class space    used 4621K, capacity 4929K, committed 4992K, reserved 1048576K
Event: 5.402 GC heap after
Heap after GC invocations=9 (full 2):
 PSYoungGen      total 128000K, used 0K [0x00000000d5580000, 0x00000000e3780000, 0x0000000100000000)
  eden space 115712K, 0% used [0x00000000d5580000,0x00000000d5580000,0x00000000dc680000)
  from space 12288K, 0% used [0x00000000dc680000,0x00000000dc680000,0x00000000dd280000)
  to   space 17408K, 0% used [0x00000000e2680000,0x00000000e2680000,0x00000000e3780000)
 ParOldGen       total 50688K, used 24071K [0x0000000080000000, 0x0000000083180000, 0x00000000d5580000)
  object space 50688K, 47% used [0x0000000080000000,0x0000000081781e00,0x0000000083180000)
 Metaspace       used 33713K, capacity 35344K, committed 35416K, reserved 1079296K
  class space    used 4621K, capacity 4929K, committed 4992K, reserved 1048576K
}

